<?xml version="1.0" encoding="UTF-8"?>
<!-- Generated by org.testng.reporters.JUnitReportReporter -->
<testsuite hostname="manikya-veena" failures="0" tests="1" name="rahulshettyacademy.SubmitOrderTest" time="19.685" errors="0" timestamp="2024-03-25T15:26:35 IST" skipped="0">
  <testcase classname="rahulshettyacademy.SubmitOrderTest" name="submitOrder" time="19.685"/>
</testsuite> <!-- rahulshettyacademy.SubmitOrderTest -->
