<?xml version="1.0" encoding="UTF-8"?>
<!-- Generated by org.testng.reporters.JUnitReportReporter -->
<testsuite hostname="manikya-veena" failures="0" tests="3" name="rahulshettyacademy.tests.SubmitOrderTest" time="38.916" errors="0" timestamp="2024-03-26T21:14:56 IST" skipped="0">
  <testcase classname="rahulshettyacademy.tests.SubmitOrderTest" name="submitOrder" time="17.083"/>
  <testcase classname="rahulshettyacademy.tests.SubmitOrderTest" name="orderHistoryTest" time="3.998"/>
  <testcase classname="rahulshettyacademy.tests.SubmitOrderTest" name="submitOrder" time="17.835"/>
</testsuite> <!-- rahulshettyacademy.tests.SubmitOrderTest -->
