<?xml version="1.0" encoding="UTF-8"?>
<!-- Generated by org.testng.reporters.JUnitReportReporter -->
<testsuite hostname="manikya-veena" failures="0" tests="3" name="rahulshettyacademy.tests.SubmitOrderTest" time="37.996" errors="0" timestamp="2024-03-27T23:15:41 IST" skipped="0">
  <testcase classname="rahulshettyacademy.tests.SubmitOrderTest" name="submitOrder" time="17.087"/>
  <testcase classname="rahulshettyacademy.tests.SubmitOrderTest" name="submitOrder" time="17.172"/>
  <testcase classname="rahulshettyacademy.tests.SubmitOrderTest" name="orderHistoryTest" time="3.737"/>
</testsuite> <!-- rahulshettyacademy.tests.SubmitOrderTest -->
