<?xml version="1.0" encoding="UTF-8"?>
<!-- Generated by org.testng.reporters.JUnitReportReporter -->
<testsuite hostname="manikya-veena" failures="0" tests="2" name="rahulshettyacademy.tests.ErrorValidation" time="19.268" errors="0" timestamp="2024-03-27T11:46:41 IST" skipped="0">
  <testcase classname="rahulshettyacademy.tests.ErrorValidation" name="loginErrorValidation" time="2.655"/>
  <testcase classname="rahulshettyacademy.tests.ErrorValidation" name="productErrorValidation" time="16.613"/>
</testsuite> <!-- rahulshettyacademy.tests.ErrorValidation -->
